0 info it worked if it ends with ok
1 verbose cli [ '/usr/bin/node', '/usr/bin/npm', 'run', 'build' ]
2 info using npm@3.5.2
3 info using node@v8.10.0
4 verbose run-script [ 'prebuild', 'build', 'postbuild' ]
5 info lifecycle raycasting@1.0.0~prebuild: raycasting@1.0.0
6 silly lifecycle raycasting@1.0.0~prebuild: no script for prebuild, continuing
7 info lifecycle raycasting@1.0.0~build: raycasting@1.0.0
8 verbose lifecycle raycasting@1.0.0~build: unsafe-perm in lifecycle true
9 verbose lifecycle raycasting@1.0.0~build: PATH: /usr/share/npm/bin/node-gyp-bin:/mnt/c/Users/ytuz/Desktop/raycasting/node_modules/.bin:/home/yenertuz/.local/bin:/usr/local/sbin:/usr/local/bin:/usr/sbin:/usr/bin:/sbin:/bin:/usr/games:/usr/local/games:/mnt/c/Program Files/WindowsApps/CanonicalGroupLimited.UbuntuonWindows_1804.2018.817.0_x64__79rhkp1fndgsc:/mnt/c/ProgramData/Oracle/Java/javapath:/mnt/c/Program Files (x86)/Intel/iCLS Client:/mnt/c/Program Files/Intel/iCLS Client:/mnt/c/Windows/System32:/mnt/c/Windows:/mnt/c/Windows/System32/wbem:/mnt/c/Windows/System32/WindowsPowerShell/v1.0:/mnt/c/Program Files (x86)/Intel/Intel(R) Management Engine Components/DAL:/mnt/c/Program Files/Intel/Intel(R) Management Engine Components/DAL:/mnt/c/Program Files (x86)/Intel/Intel(R) Management Engine Components/IPT:/mnt/c/Program Files/Intel/Intel(R) Management Engine Components/IPT:/mnt/c/Program Files (x86)/Google/Google Apps Sync:/mnt/c/Program Files (x86)/Google/Google Apps Migration:/mnt/c/Program Files/OpenVPN/bin:/mnt/c/Program Files/Git/cmd:/mnt/c/Program Files/Intel/WiFi/bin:/mnt/c/Program Files/Common Files/Intel/WirelessCommon:/mnt/c/Windows/System32/OpenSSH:/mnt/c/Ruby25-x64/bin:/mnt/c/Users/ytuz/AppData/Local/Microsoft/WindowsApps:/mnt/c/Users/ytuz/AppData/Local/Programs/Microsoft VS Code/bin:/snap/bin
10 verbose lifecycle raycasting@1.0.0~build: CWD: /mnt/c/Users/ytuz/Desktop/raycasting
11 silly lifecycle raycasting@1.0.0~build: Args: [ '-c', 'webpack --mode=development' ]
12 info lifecycle raycasting@1.0.0~build: Failed to exec build script
13 verbose stack Error: raycasting@1.0.0 build: `webpack --mode=development`
13 verbose stack spawn ENOENT
13 verbose stack     at ChildProcess.<anonymous> (/usr/share/npm/lib/utils/spawn.js:17:16)
13 verbose stack     at emitTwo (events.js:126:13)
13 verbose stack     at ChildProcess.emit (events.js:214:7)
13 verbose stack     at maybeClose (internal/child_process.js:925:16)
13 verbose stack     at Process.ChildProcess._handle.onexit (internal/child_process.js:209:5)
14 verbose pkgid raycasting@1.0.0
15 verbose cwd /mnt/c/Users/ytuz/Desktop/raycasting
16 error Linux 4.4.0-17134-Microsoft
17 error argv "/usr/bin/node" "/usr/bin/npm" "run" "build"
18 error node v8.10.0
19 error npm  v3.5.2
20 error file sh
21 error code ELIFECYCLE
22 error errno ENOENT
23 error syscall spawn
24 error raycasting@1.0.0 build: `webpack --mode=development`
24 error spawn ENOENT
25 error Failed at the raycasting@1.0.0 build script 'webpack --mode=development'.
25 error Make sure you have the latest version of node.js and npm installed.
25 error If you do, this is most likely a problem with the raycasting package,
25 error not with npm itself.
25 error Tell the author that this fails on your system:
25 error     webpack --mode=development
25 error You can get information on how to open an issue for this project with:
25 error     npm bugs raycasting
25 error Or if that isn't available, you can get their info via:
25 error     npm owner ls raycasting
25 error There is likely additional logging output above.
26 verbose exit [ 1, true ]
